\BOOKMARK [0][-]{part.1}{I Introduction}{}% 1
\BOOKMARK [1][-]{section.1}{Propri\351t\351s et hypoth\350ses physico-chimique}{part.1}% 2
\BOOKMARK [0][-]{part.2}{II Bilan de mati\350re}{}% 3
\BOOKMARK [1][-]{section.2}{M\351thode de calcul des d\351bits molaires}{part.2}% 4
\BOOKMARK [2][-]{subsection.2.1}{ATR : zone de combustion}{section.2}% 5
\BOOKMARK [2][-]{subsection.2.2}{ATR : Zone de reformage}{section.2}% 6
\BOOKMARK [2][-]{subsection.2.3}{Water Gas Shift \(WGS\)}{section.2}% 7
\BOOKMARK [2][-]{subsection.2.4}{Condensation et absorption}{section.2}% 8
\BOOKMARK [2][-]{subsection.2.5}{Synth\350se de l'ammoniac}{section.2}% 9
\BOOKMARK [2][-]{subsection.2.6}{Air s\351paration unit}{section.2}% 10
\BOOKMARK [1][-]{section.3}{Calcul num\351rique des d\351bits}{part.2}% 11
\BOOKMARK [2][-]{subsection.3.1}{ATR : zone de combustion}{section.3}% 12
\BOOKMARK [3][-]{subsubsection.3.1.1}{Zone de reformage}{subsection.3.1}% 13
\BOOKMARK [2][-]{subsection.3.2}{Water Gas Shift \(WGS\)}{section.3}% 14
\BOOKMARK [2][-]{subsection.3.3}{Condensation et absorption}{section.3}% 15
\BOOKMARK [2][-]{subsection.3.4}{Synth\350se de l'ammoniac}{section.3}% 16
\BOOKMARK [2][-]{subsection.3.5}{Calcul des exc\350s}{section.3}% 17
\BOOKMARK [0][-]{part.3}{III Bilan d'\351nergie dans l'ATR}{}% 18
\BOOKMARK [1][-]{section.4}{M\351thode}{part.3}% 19
\BOOKMARK [1][-]{section.5}{R\351sultats}{part.3}% 20
\BOOKMARK [2][-]{subsection.5.1}{Calcul de la temp\351rature d'entr\351e dans l'ATR}{section.5}% 21
\BOOKMARK [2][-]{subsection.5.2}{Calcul de la temp\351rature finale dans la zone de combustion}{section.5}% 22
